app/build/outputs/mapping/release/seeds.txt
com.example.android.databinding.basicsample.MainActivity: MainActivity()
com.example.android.databinding.basicsample.TMDBApplication
com.example.android.databinding.basicsample.MainActivity
com.example.android.databinding.basicsample.TMDBApplication: TMDBApplication()
...
androidx.appcompat.R$style: int Base_Widget_AppCompat_ListPopupWindow
com.google.android.material.textfield.TextInputLayout: TextInputLayout(android.content.Context,android.util.AttributeSet)
com.google.android.material.R$styleable: int TextInputLayout_hintTextColor
androidx.appcompat.widget.Toolbar: android.graphics.drawable.Drawable getOverflowIcon()
androidx.cardview.R$styleable: int CardView_contentPadding
com.google.android.material.R$styleable: int AppCompatTextView_android_textAppearance
com.github.florent37.shapeofview.R$styleable: int Toolbar_titleMarginBottom
com.google.android.material.R$style: int Widget_AppCompat_PopupMenu
com.google.android.material.R$styleable: int MenuItem_android_alphabeticShortcut
com.google.android.material.R$style: int Base_Widget_AppCompat_RatingBar_Indicator
com.google.android.material.bottomappbar.BottomAppBar: void setElevation(float)
com.google.android.material.R$style: int Theme_MaterialComponents_Light_NoActionBar_Bridge
com.google.android.material.R$styleable: int MaterialButton_shapeAppearance
com.google.android.material.R$dimen: int design_tab_scrollable_min_width
com.google.android.material.R$color: int button_material_light
com.google.android.material.R$style: int ThemeOverlay_MaterialComponents_TextInputEditText_OutlinedBox
com.google.android.material.tabs.TabLayout: void setInlineLabelResource(int)
com.madfooatcom.movietestlibrary.R$id: int search_button
com.google.android.material.chip.Chip: void setCheckedIconVisible(boolean)
com.google.android.material.R$styleable: int AppCompatTheme_textAppearanceSearchResultSubtitle
androidx.appcompat.widget.AppCompatAutoCompleteTextView: AppCompatAutoCompleteTextView(android.content.Context,android.util.AttributeSet,int)
androidx.appcompat.R$id: int action_bar_spinner
androidx.appcompat.R$styleable: int MenuItem_numericModifiers
com.google.android.material.R$color: int design_fab_stroke_end_inner_color
com.google.android.material.tabs.TabLayout: android.content.res.ColorStateList getTabIconTint()
com.google.android.material.R$color: int mtrl_navigation_item_text_color
com.google.android.material.R$id: int action_bar
com.github.florent37.shapeofview.R$styleable: int ActionBar_logo
androidx.recyclerview.widget.RecyclerView: int mEatenAccessibilityChangeFlags
com.madfooatcom.movietestlibrary.R$drawable: int mtrl_ic_arrow_drop_up
androidx.appcompat.R$style: int TextAppearance_AppCompat_Large_Inverse
com.google.android.material.R$style: int Widget_MaterialComponents_MaterialCalendar_Item
androidx.appcompat.R$attr: int initialActivityCount
com.madfooatcom.movietestlibrary.R$drawable: int abc_btn_check_to_on_mtrl_015
com.bumptech.glide.R$id: int glide_custom_view_target_tag
androidx.appcompat.R$id: int dialog_button
com.google.android.material.R$attr: int maxButtonHeight
com.google.android.material.floatingactionbutton.ExtendedFloatingActionButton: void setShrinkMotionSpecResource(int)
com.google.android.material.R$layout: int notification_template_custom_big
com.bumptech.glide.load.resource.bitmap.DownsampleStrategy$SampleSizeRounding: com.bumptech.glide.load.resource.bitmap.DownsampleStrategy$SampleSizeRounding[] values()
androidx.appcompat.R$color: int dim_foreground_material_light
kotlin.reflect.jvm.internal.impl.metadata.ProtoBuf$TypeParameter$Variance: kotlin.reflect.jvm.internal.impl.metadata.ProtoBuf$TypeParameter$Variance[] values()
androidx.appcompat.R$styleable: int AnimatedStateListDrawableTransition_android_drawable
com.google.android.material.R$style: int TextAppearance_AppCompat_Widget_PopupMenu_Header
androidx.appcompat.R$style: int Base_TextAppearance_AppCompat_Body2
androidx.appcompat.R$drawable: int notification_bg_low
androidx.cardview.R$styleable: int CardView_android_minWidth
com.bumptech.glide.R$id: int tag_unhandled_key_event_manager
androidx.appcompat.widget.ActionMenuView: void setOverflowIcon(android.graphics.drawable.Drawable)
com.google.android.material.R$styleable: int ShapeAppearance_cornerSizeBottomRight