app/build/outputs/mapping/release/mapping.txt
# compiler: R8
# compiler_version: 1.6.82
# min_api: 21
# pg_map_id: 83a90d4
# common_typos_disable
com.example.android.databinding.basicsample.DataBinderMapperImpl -> com.example.android.databinding.basicsample.a:
    android.util.SparseIntArray INTERNAL_LAYOUT_ID_LOOKUP -> a
    java.util.List collectDependencies() -> a
    androidx.databinding.ViewDataBinding getDataBinder(androidx.databinding.DataBindingComponent,android.view.View,int) -> a
    androidx.databinding.ViewDataBinding getDataBinder(androidx.databinding.DataBindingComponent,android.view.View[],int) -> a
com.example.android.databinding.basicsample.MainActivity$onCreate$1 -> com.example.android.databinding.basicsample.MainActivity$a:
    com.example.android.databinding.basicsample.MainActivity this$0 -> f
...
androidx.appcompat.widget.ActivityChooserView$InnerLayout -> androidx.appcompat.widget.ActivityChooserView$InnerLayout:
    int[] TINT_ATTRS -> f
androidx.appcompat.widget.AlertDialogLayout -> androidx.appcompat.widget.AlertDialogLayout:
    void setChildFrame(android.view.View,int,int,int,int) -> a
    void forceUniformWidth(int,int) -> c
    int resolveMinimumHeight(android.view.View) -> c
    boolean tryOnMeasure(int,int) -> d
androidx.appcompat.widget.AppCompatAutoCompleteTextView -> androidx.appcompat.widget.d:
    int[] TINT_ATTRS -> h
    androidx.appcompat.widget.AppCompatBackgroundHelper mBackgroundTintHelper -> f
    androidx.appcompat.widget.AppCompatTextHelper mTextHelper -> g
androidx.appcompat.widget.AppCompatBackgroundHelper -> androidx.appcompat.widget.e:
    androidx.appcompat.widget.TintInfo mTmpInfo -> f
    androidx.appcompat.widget.TintInfo mInternalBackgroundTint -> d
    androidx.appcompat.widget.TintInfo mBackgroundTint -> e
    android.view.View mView -> a
    androidx.appcompat.widget.AppCompatDrawableManager mDrawableManager -> b
    int mBackgroundResId -> c
    void applySupportBackgroundTint() -> a
    void loadFromAttributes(android.util.AttributeSet,int) -> a
    void onSetBackgroundDrawable(android.graphics.drawable.Drawable) -> a
    void onSetBackgroundResource(int) -> a
    void setInternalBackgroundTint(android.content.res.ColorStateList) -> a
    void setSupportBackgroundTintMode(android.graphics.PorterDuff$Mode) -> a
    boolean applyFrameworkTintUsingColorFilter(android.graphics.drawable.Drawable) -> b
    android.content.res.ColorStateList getSupportBackgroundTintList() -> b
    void setSupportBackgroundTintList(android.content.res.ColorStateList) -> b
    android.graphics.PorterDuff$Mode getSupportBackgroundTintMode() -> c
    boolean shouldApplyFrameworkTintUsingColorFilter() -> d
androidx.appcompat.widget.AppCompatButton -> androidx.appcompat.widget.f:
    androidx.appcompat.widget.AppCompatBackgroundHelper mBackgroundTintHelper -> f
    androidx.appcompat.widget.AppCompatTextHelper mTextHelper -> g
androidx.appcompat.widget.AppCompatCheckBox -> androidx.appcompat.widget.g:
    androidx.appcompat.widget.AppCompatCompoundButtonHelper mCompoundButtonHelper -> f
    androidx.appcompat.widget.AppCompatBackgroundHelper mBackgroundTintHelper -> g
    androidx.appcompat.widget.AppCompatTextHelper mTextHelper -> h
androidx.appcompat.widget.AppCompatCheckedTextView -> androidx.appcompat.widget.h:
    int[] TINT_ATTRS -> g
    androidx.appcompat.widget.AppCompatTextHelper mTextHelper -> f
androidx.appcompat.widget.AppCompatCompoundButtonHelper -> androidx.appcompat.widget.i:
    android.content.res.ColorStateList mButtonTintList -> b
    boolean mHasButtonTintMode -> e
    boolean mSkipNextApply -> f
    android.widget.CompoundButton mView -> a
    android.graphics.PorterDuff$Mode mButtonTintMode -> c
    boolean mHasButtonTint -> d
    void applyButtonTint() -> a
    int getCompoundPaddingLeft(int) -> a
    void loadFromAttributes(android.util.AttributeSet,int) -> a
    void setSupportButtonTintList(android.content.res.ColorStateList) -> a
    void setSupportButtonTintMode(android.graphics.PorterDuff$Mode) -> a
    android.content.res.ColorStateList getSupportButtonTintList() -> b
    android.graphics.PorterDuff$Mode getSupportButtonTintMode() -> c
    void onSetButtonDrawable() -> d