app/build/outputs/mapping/release/usage.txt
com.example.android.databinding.basicsample.R$plurals
com.example.android.databinding.basicsample.R$color
com.example.android.databinding.basicsample.R$dimen
com.example.android.databinding.basicsample.R
com.example.android.databinding.basicsample.DataBinderMapperImpl:
    public int getLayoutId(java.lang.String)
    public java.lang.String convertBrIdToString(int)
com.example.android.databinding.basicsample.R$font
com.example.android.databinding.basicsample.MainActivity:
    public android.view.View _$_findCachedViewById(int)
    public void _$_clearFindViewByIdCache()
    private java.util.HashMap _$_findViewCache
com.example.android.databinding.basicsample.DataBindingInfo
com.example.android.databinding.basicsample.R$styleable
com.example.android.databinding.basicsample.R$style
com.example.android.databinding.basicsample.R$integer
com.example.android.databinding.basicsample.R$interpolator
com.example.android.databinding.basicsample.BR
com.example.android.databinding.basicsample.R$anim
com.example.android.databinding.basicsample.R$attr
com.example.android.databinding.basicsample.BuildConfig
com.example.android.databinding.basicsample.R$mipmap
com.example.android.databinding.basicsample.R$animator
com.example.android.databinding.basicsample.R$menu
com.example.android.databinding.basicsample.R$drawable
com.example.android.databinding.basicsample.DataBinderMapperImpl$InnerBrLookup
com.example.android.databinding.basicsample.R$xml
com.example.android.databinding.basicsample.R$id
com.example.android.databinding.basicsample.R$layout
com.example.android.databinding.basicsample.DataBinderMapperImpl$InnerLayoutIdLookup
com.example.android.databinding.basicsample.R$bool
com.example.android.databinding.basicsample.R$string
...
kotlinx.coroutines.flow.internal.FlowCoroutineKt$scopedFlow$$inlined$unsafeFlow$1$lambda$1
androidx.appcompat.app.AlertDialog:
    protected void <init>(android.content.Context)
    protected void <init>(android.content.Context,boolean,android.content.DialogInterface$OnCancelListener)
    public android.widget.Button getButton(int)
    public void setCustomTitle(android.view.View)
    public void setMessage(java.lang.CharSequence)
    public void setView(android.view.View)
    public void setView(android.view.View,int,int,int,int)
    void setButtonPanelLayoutHint(int)
    public void setButton(int,java.lang.CharSequence,android.os.Message)
    public void setButton(int,java.lang.CharSequence,android.content.DialogInterface$OnClickListener)
    public void setButton(int,java.lang.CharSequence,android.graphics.drawable.Drawable,android.content.DialogInterface$OnClickListener)
    public void setIcon(int)
    public void setIcon(android.graphics.drawable.Drawable)
    public void setIconAttribute(int)
    static final int LAYOUT_HINT_NONE
    static final int LAYOUT_HINT_SIDE
okhttp3.internal.ws.MessageDeflater
com.bumptech.glide.util.pool.StateVerifier$DebugStateVerifier
io.reactivex.internal.operators.observable.ObservableGroupBy
io.reactivex.internal.subscribers.QueueDrainSubscriberPad2
androidx.collection.LruCache:
    public void resize(int)
    public final java.lang.Object remove(java.lang.Object)
    public final void evictAll()
    public final synchronized int size()
    public final synchronized int maxSize()
    public final synchronized int hitCount()
    public final synchronized int missCount()
    public final synchronized int createCount()
    public final synchronized int putCount()
    public final synchronized int evictionCount()
    public final synchronized java.util.Map snapshot()
kotlin.reflect.KMutableProperty2:
    public abstract void set(java.lang.Object,java.lang.Object,java.lang.Object)
    public abstract kotlin.reflect.KMutableProperty2$Setter getSetter()
com.bumptech.glide.load.resource.bitmap.DefaultImageHeaderParser$Reader$EndOfFileException:
    private static final long serialVersionUID
androidx.customview.R$attr
com.google.gson.JsonNull:
    public com.google.gson.JsonNull deepCopy()
    public synthetic bridge com.google.gson.JsonElement deepCopy()
org.koin.androidx.viewmodel.scope.ScopeStateVMExtKt
kotlin.jvm.Strictfp
com.bumptech.glide.load.model.UnitModelLoader$Factory:
    public void teardown()
androidx.appcompat.widget.ActivityChooserView$5
androidx.constraintlayout.solver.ArrayLinkedVariables:
    boolean hasAtLeastOnePositiveVariable()
    androidx.constraintlayout.solver.SolverVariable getPivotCandidate()
    int sizeInBytes()
    public void display()
    private static final boolean DEBUG
    private static final int NONE
    private static final boolean FULL_NEW_CHECK
androidx.lifecycle.ReportFragment:
    private static final java.lang.String REPORT_FRAGMENT_TAG
io.reactivex.internal.operators.flowable.FlowableTakeLastTimed$TakeLastTimedSubscriber
androidx.lifecycle.extensions.R$styleable
io.reactivex.processors.PublishProcessor$PublishSubscription
kotlinx.coroutines.flow.FlowKt__BuildersKt$asFlow$$inlined$unsafeFlow$2
com.google.gson.internal.LinkedTreeMap:
    private java.lang.Object writeReplace()
androidx.media.MediaSessionManager$RemoteUserInfoImpl
androidx.databinding.ObservableLong
io.reactivex.internal.operators.completable.CompletableOnErrorComplete
io.reactivex.internal.operators.single.SingleDelay$Delay